<?xml version="1.0" encoding="UTF-8"?>
<!-- Generated by org.testng.reporters.JUnitXMLReporter -->
<testsuite ignored="1" hostname="DESKTOP-OGTSC5L" failures="0" tests="1" name="Default test(failed)" time="21.297" errors="0" timestamp="2021-07-30T15:47:06 IST">
  <testcase classname="testScript.TestNgSample" name="searchSeleniumTest" time="7.715"/>
  <testcase classname="testScript.TestNgSample" name="f" time="0.0">
    <ignored/>
  </testcase> <!-- f -->
</testsuite> <!-- Default test(failed) -->
