<?xml version="1.0" encoding="UTF-8"?>
<!-- Generated by org.testng.reporters.JUnitXMLReporter -->
<testsuite ignored="0" hostname="DESKTOP-OGTSC5L" failures="0" tests="4" name="Default test" time="0.111" errors="0" timestamp="2021-08-10T13:45:33 IST">
  <testcase classname="testScript.GroupOneTest" name="searchAppiumTest" time="0.016"/>
  <testcase classname="testScript.GroupOneTest" name="searchCypressTest" time="0.004"/>
  <testcase classname="testScript.GroupOneTest" name="searchJavaTest" time="0.009"/>
  <testcase classname="testScript.GroupOneTest" name="searchSeleniumTest" time="0.002"/>
</testsuite> <!-- Default test -->
