<?xml version="1.0" encoding="UTF-8"?>
<!-- Generated by org.testng.reporters.JUnitXMLReporter -->
<testsuite ignored="0" hostname="DESKTOP-OGTSC5L" failures="0" tests="4" name="ModuleTwoTest" time="0.228" errors="0" timestamp="2021-08-02T17:06:58 IST">
  <testcase classname="parallelScripts.MethodTest" name="searchAppiumTest" time="0.022"/>
  <testcase classname="parallelScripts.MethodTest" name="searchCypressTest" time="0.007"/>
  <testcase classname="parallelScripts.MethodTest" name="searchJavaTest" time="0.006"/>
  <testcase classname="parallelScripts.MethodTest" name="searchSeleniumTest" time="0.003"/>
</testsuite> <!-- ModuleTwoTest -->
