<?xml version="1.0" encoding="UTF-8"?>
<!-- Generated by org.testng.reporters.JUnitXMLReporter -->
<testsuite ignored="1" hostname="DESKTOP-OGTSC5L" failures="2" tests="3" name="ModuleOneTest" time="50.905" errors="0" timestamp="2021-08-03T15:06:30 IST">
  <testcase classname="testScript.TestNgSample" name="f1" time="3.308"/>
  <testcase classname="testScript.TestNgSample" name="searchSeleniumTest1" time="2.911">
    <failure type="java.lang.AssertionError" message="expected [java tutorial - Google Search] but found [C# tutorial - Google Search]">
      <![CDATA[java.lang.AssertionError: expected [java tutorial - Google Search] but found [C# tutorial - Google Search]
at testScript.TestNgSample.searchSeleniumTest1(TestNgSample.java:80)
at java.base/java.util.ArrayList.forEach(ArrayList.java:1511)
... Removed 33 stack frames]]>
    </failure>
  </testcase> <!-- searchSeleniumTest1 -->
  <testcase classname="testScript.TestNgSample" name="searchSeleniumTest2" time="2.655">
    <failure type="java.lang.AssertionError" message="expected [java tutorial - Google Search] but found [Appium tutorial - Google Search]">
      <![CDATA[java.lang.AssertionError: expected [java tutorial - Google Search] but found [Appium tutorial - Google Search]
at testScript.TestNgSample.searchSeleniumTest2(TestNgSample.java:94)
at java.base/java.util.ArrayList.forEach(ArrayList.java:1511)
... Removed 33 stack frames]]>
    </failure>
  </testcase> <!-- searchSeleniumTest2 -->
  <testcase classname="testScript.TestNgSample" name="searchSeleniumTest3" time="0.0">
    <ignored/>
  </testcase> <!-- searchSeleniumTest3 -->
</testsuite> <!-- ModuleOneTest -->
