<?xml version="1.0" encoding="UTF-8"?>
<testng-results ignored="0" total="4" passed="4" failed="0" skipped="0">
  <reporter-output>
  </reporter-output>
  <suite started-at="2021-08-10T13:45:33 IST" name="Default suite" finished-at="2021-08-10T13:45:33 IST" duration-ms="111">
    <groups>
      <group name="featureTwo">
        <method signature="GroupOneTest.searchSeleniumTest()[pri:0, instance:testScript.GroupOneTest@235ecd9f]" name="searchSeleniumTest" class="testScript.GroupOneTest"/>
      </group> <!-- featureTwo -->
      <group name="featureThird">
        <method signature="GroupOneTest.searchAppiumTest()[pri:0, instance:testScript.GroupOneTest@235ecd9f]" name="searchAppiumTest" class="testScript.GroupOneTest"/>
      </group> <!-- featureThird -->
      <group name="featureOne">
        <method signature="GroupOneTest.searchCypressTest()[pri:0, instance:testScript.GroupOneTest@235ecd9f]" name="searchCypressTest" class="testScript.GroupOneTest"/>
        <method signature="GroupOneTest.searchJavaTest()[pri:0, instance:testScript.GroupOneTest@235ecd9f]" name="searchJavaTest" class="testScript.GroupOneTest"/>
      </group> <!-- featureOne -->
    </groups>
    <test started-at="2021-08-10T13:45:33 IST" name="Default test" finished-at="2021-08-10T13:45:33 IST" duration-ms="111">
      <class name="testScript.GroupOneTest">
        <test-method signature="searchAppiumTest()[pri:0, instance:testScript.GroupOneTest@235ecd9f]" started-at="2021-08-10T13:45:33 IST" name="searchAppiumTest" finished-at="2021-08-10T13:45:33 IST" duration-ms="16" status="PASS">
          <reporter-output>
          </reporter-output>
        </test-method> <!-- searchAppiumTest -->
        <test-method signature="searchCypressTest()[pri:0, instance:testScript.GroupOneTest@235ecd9f]" started-at="2021-08-10T13:45:33 IST" name="searchCypressTest" finished-at="2021-08-10T13:45:33 IST" duration-ms="4" status="PASS">
          <reporter-output>
          </reporter-output>
        </test-method> <!-- searchCypressTest -->
        <test-method signature="searchJavaTest()[pri:0, instance:testScript.GroupOneTest@235ecd9f]" started-at="2021-08-10T13:45:33 IST" name="searchJavaTest" finished-at="2021-08-10T13:45:33 IST" duration-ms="9" status="PASS">
          <reporter-output>
          </reporter-output>
        </test-method> <!-- searchJavaTest -->
        <test-method signature="searchSeleniumTest()[pri:0, instance:testScript.GroupOneTest@235ecd9f]" started-at="2021-08-10T13:45:33 IST" name="searchSeleniumTest" finished-at="2021-08-10T13:45:33 IST" duration-ms="2" status="PASS">
          <reporter-output>
          </reporter-output>
        </test-method> <!-- searchSeleniumTest -->
      </class> <!-- testScript.GroupOneTest -->
    </test> <!-- Default test -->
  </suite> <!-- Default suite -->
</testng-results>
